<?xml version="1.0" encoding="UTF-8"?>
<!-- Generated by org.testng.reporters.JUnitXMLReporter -->
<testsuite ignored="0" hostname="XiaoMiRepeater_V2" failures="0" tests="3" name="SymphonyChallengePart1" time="33.038" errors="0" timestamp="29 Oct 2020 04:04:37 GMT">
  <testcase classname="TestClass" name="registerAccount" time="8.659"/>
  <testcase classname="TestClass" name="verifyProductsInSection" time="0.129"/>
  <testcase classname="TestClass" name="saveResultsToTxt" time="1.704"/>
</testsuite> <!-- SymphonyChallengePart1 -->
