<?xml version="1.0" encoding="UTF-8"?>
<!-- Generated by org.testng.reporters.JUnitXMLReporter -->
<testsuite ignored="0" hostname="XiaoMiRepeater_V2" failures="0" tests="3" name="Command line test" time="35.234" errors="0" timestamp="29 Oct 2020 04:39:48 GMT">
  <testcase classname="TestClass" name="registerAccount" time="9.536"/>
  <testcase classname="TestClass" name="verifyProductsInSection" time="0.284"/>
  <testcase classname="TestClass" name="saveResultsToTxt" time="1.331"/>
</testsuite> <!-- Command line test -->
