<?xml version="1.0" encoding="UTF-8"?>
<testng-results ignored="0" total="3" passed="3" failed="0" skipped="0">
  <reporter-output>
  </reporter-output>
  <suite started-at="2020-10-29T04:39:12Z" name="Command line suite" finished-at="2020-10-29T04:39:48Z" duration-ms="35234">
    <groups>
    </groups>
    <test started-at="2020-10-29T04:39:12Z" name="Command line test" finished-at="2020-10-29T04:39:48Z" duration-ms="35234">
      <class name="TestClass">
        <test-method is-config="true" signature="getUrlAndMaximizeWindow()[pri:0, instance:TestClass@731a74c]" started-at="2020-10-29T04:39:12Z" name="getUrlAndMaximizeWindow" finished-at="2020-10-29T04:39:22Z" duration-ms="9722" status="PASS">
          <reporter-output>
          </reporter-output>
        </test-method> <!-- getUrlAndMaximizeWindow -->
        <test-method signature="registerAccount()[pri:1, instance:TestClass@731a74c]" started-at="2020-10-29T04:39:22Z" name="registerAccount" finished-at="2020-10-29T04:39:32Z" duration-ms="9536" status="PASS">
          <reporter-output>
          </reporter-output>
        </test-method> <!-- registerAccount -->
        <test-method is-config="true" signature="exitDriver()[pri:0, instance:TestClass@731a74c]" started-at="2020-10-29T04:39:32Z" name="exitDriver" finished-at="2020-10-29T04:39:32Z" duration-ms="101" status="PASS">
          <reporter-output>
          </reporter-output>
        </test-method> <!-- exitDriver -->
        <test-method is-config="true" signature="getUrlAndMaximizeWindow()[pri:0, instance:TestClass@731a74c]" started-at="2020-10-29T04:39:32Z" name="getUrlAndMaximizeWindow" finished-at="2020-10-29T04:39:39Z" duration-ms="7116" status="PASS">
          <reporter-output>
          </reporter-output>
        </test-method> <!-- getUrlAndMaximizeWindow -->
        <test-method signature="verifyProductsInSection()[pri:2, instance:TestClass@731a74c]" started-at="2020-10-29T04:39:39Z" name="verifyProductsInSection" finished-at="2020-10-29T04:39:39Z" duration-ms="284" status="PASS">
          <reporter-output>
          </reporter-output>
        </test-method> <!-- verifyProductsInSection -->
        <test-method is-config="true" signature="exitDriver()[pri:0, instance:TestClass@731a74c]" started-at="2020-10-29T04:39:39Z" name="exitDriver" finished-at="2020-10-29T04:39:39Z" duration-ms="99" status="PASS">
          <reporter-output>
          </reporter-output>
        </test-method> <!-- exitDriver -->
        <test-method is-config="true" signature="getUrlAndMaximizeWindow()[pri:0, instance:TestClass@731a74c]" started-at="2020-10-29T04:39:39Z" name="getUrlAndMaximizeWindow" finished-at="2020-10-29T04:39:46Z" duration-ms="6924" status="PASS">
          <reporter-output>
          </reporter-output>
        </test-method> <!-- getUrlAndMaximizeWindow -->
        <test-method signature="saveResultsToTxt()[pri:3, instance:TestClass@731a74c]" started-at="2020-10-29T04:39:46Z" name="saveResultsToTxt" finished-at="2020-10-29T04:39:48Z" duration-ms="1331" status="PASS">
          <reporter-output>
          </reporter-output>
        </test-method> <!-- saveResultsToTxt -->
        <test-method is-config="true" signature="exitDriver()[pri:0, instance:TestClass@731a74c]" started-at="2020-10-29T04:39:48Z" name="exitDriver" finished-at="2020-10-29T04:39:48Z" duration-ms="98" status="PASS">
          <reporter-output>
          </reporter-output>
        </test-method> <!-- exitDriver -->
      </class> <!-- TestClass -->
    </test> <!-- Command line test -->
  </suite> <!-- Command line suite -->
</testng-results>
